<?xml version="1.0" encoding="UTF-8"?>
<robot generator="Robot 7.1.1 (Python 3.13.0 on darwin)" generated="2024-11-22T10:55:45.801119" rpa="false" schemaversion="5">
<suite id="s1" name="createCommunity" source="/Users/ryu/FCA_automation_test/Testcases/createCommunity.robot">
<kw name="Run Keywords" owner="BuiltIn" type="SETUP">
<kw name="Set Appium Timeout" owner="AppiumLibrary">
<arg>30s</arg>
<doc>Sets the timeout in seconds used by various keywords.</doc>
<status status="PASS" start="2024-11-22T10:55:46.108351" elapsed="0.000246"/>
</kw>
<kw name="Open application FCA" owner="common_keywords">
<kw name="Open Application" owner="AppiumLibrary">
<arg>remote_url=${appiumServer}</arg>
<arg>platformName=${platformName}</arg>
<arg>appium:platformVersion=${platformVersion}</arg>
<arg>appium:deviceName=${deviceName}</arg>
<arg>appium:app=${appPath}</arg>
<arg>appium:appActivity=${appActivity}</arg>
<arg>appium:appPackage=${appPackage}</arg>
<arg>appium:noReset=false</arg>
<arg>appium:automationName=UiAutomator2</arg>
<arg>autoGrantPermissions=true</arg>
<doc>Opens a new application to given Appium server.
Capabilities of appium server, Android and iOS,
Please check https://appium.io/docs/en/2.1/cli/args/
| *Option*            | *Man.* | *Description*     |
| remote_url          | Yes    | Appium server url |
| alias               | no     | alias             |
| strict_ssl          | No     | allows you to send commands to an invalid certificate host like a self-signed one. |</doc>
<status status="PASS" start="2024-11-22T10:55:46.109139" elapsed="12.406376"/>
</kw>
<status status="PASS" start="2024-11-22T10:55:46.108920" elapsed="12.406943"/>
</kw>
<kw name="Tap get start button" owner="common_keywords">
<kw name="Wait Until Element Is Visible" owner="AppiumLibrary">
<arg>${getStartBtn}</arg>
<doc>Waits until element specified with `locator` is visible.</doc>
<status status="PASS" start="2024-11-22T10:55:58.516620" elapsed="3.746211"/>
</kw>
<kw name="Click Element" owner="AppiumLibrary">
<msg time="2024-11-22T10:56:02.264941" level="INFO">Clicking element 'accessibility_id=Get started'.</msg>
<arg>${getStartBtn}</arg>
<doc>Click element identified by `locator`.</doc>
<status status="PASS" start="2024-11-22T10:56:02.263025" elapsed="0.094165"/>
</kw>
<status status="PASS" start="2024-11-22T10:55:58.516306" elapsed="3.841167"/>
</kw>
<kw name="Should show wellcome page" owner="common_keywords">
<kw name="Wait Until Element Is Visible" owner="AppiumLibrary">
<arg>${wellcome}</arg>
<doc>Waits until element specified with `locator` is visible.</doc>
<status status="PASS" start="2024-11-22T10:56:02.358329" elapsed="0.978501"/>
</kw>
<kw name="Element Should Be Visible" owner="AppiumLibrary">
<arg>${wellcome}</arg>
<doc>Verifies that element identified with locator is visible.</doc>
<status status="PASS" start="2024-11-22T10:56:03.337019" elapsed="0.031817"/>
</kw>
<status status="PASS" start="2024-11-22T10:56:02.357959" elapsed="1.010987"/>
</kw>
<kw name="Tap Sign in now" owner="common_keywords">
<kw name="Wait Until Element Is Visible" owner="AppiumLibrary">
<arg>${signInNow}</arg>
<doc>Waits until element specified with `locator` is visible.</doc>
<status status="PASS" start="2024-11-22T10:56:03.369364" elapsed="0.031597"/>
</kw>
<kw name="Click Element" owner="AppiumLibrary">
<msg time="2024-11-22T10:56:03.403130" level="INFO">Clicking element 'accessibility_id=Sign in now'.</msg>
<arg>${signInNow}</arg>
<doc>Click element identified by `locator`.</doc>
<status status="PASS" start="2024-11-22T10:56:03.401154" elapsed="0.074050"/>
</kw>
<status status="PASS" start="2024-11-22T10:56:03.369155" elapsed="0.106198"/>
</kw>
<kw name="Should show Sign in page" owner="common_keywords">
<kw name="Wait Until Element Is Visible" owner="AppiumLibrary">
<msg time="2024-11-22T10:56:04.407222" level="INFO">xpath criteria: (//android.view.View[@content-desc="Sign in"])[2]
xpath criteria: (//android.view.View[@content-desc="Sign in"])[2]</msg>
<arg>${signInBtn}</arg>
<doc>Waits until element specified with `locator` is visible.</doc>
<status status="PASS" start="2024-11-22T10:56:03.475868" elapsed="0.931443"/>
</kw>
<kw name="Element Should Be Visible" owner="AppiumLibrary">
<msg time="2024-11-22T10:56:04.463057" level="INFO">xpath criteria: (//android.view.View[@content-desc="Sign in"])[2]</msg>
<arg>${signInBtn}</arg>
<doc>Verifies that element identified with locator is visible.</doc>
<status status="PASS" start="2024-11-22T10:56:04.407477" elapsed="0.055668"/>
</kw>
<status status="PASS" start="2024-11-22T10:56:03.475639" elapsed="0.987601"/>
</kw>
<kw name="Fill in email field with &quot;panpaphop.p@gmail.com&quot;" owner="common_keywords" source_name="Fill in email field with &quot;${email}&quot;">
<kw name="Wait Until Element Is Visible" owner="AppiumLibrary">
<msg time="2024-11-22T10:56:04.527679" level="INFO">xpath criteria: //android.widget.FrameLayout[@resource-id="android:id/content"]/android.widget.FrameLayout/android.view.View/android.view.View/android.view.View/android.view.View[2]/android.widget.EditText[1]</msg>
<arg>${emailInput}</arg>
<doc>Waits until element specified with `locator` is visible.</doc>
<status status="PASS" start="2024-11-22T10:56:04.463798" elapsed="0.063971"/>
</kw>
<kw name="Click Element" owner="AppiumLibrary">
<msg time="2024-11-22T10:56:04.529916" level="INFO">Clicking element 'xpath=//android.widget.FrameLayout[@resource-id="android:id/content"]/android.widget.FrameLayout/android.view.View/android.view.View/android.view.View/android.view.View[2]/android.widget.EditText[1]'.</msg>
<msg time="2024-11-22T10:56:04.624392" level="INFO">xpath criteria: //android.widget.FrameLayout[@resource-id="android:id/content"]/android.widget.FrameLayout/android.view.View/android.view.View/android.view.View/android.view.View[2]/android.widget.EditText[1]</msg>
<arg>${emailInput}</arg>
<doc>Click element identified by `locator`.</doc>
<status status="PASS" start="2024-11-22T10:56:04.527955" elapsed="0.096567"/>
</kw>
<kw name="Sleep" owner="BuiltIn">
<msg time="2024-11-22T10:56:06.626144" level="INFO">Slept 2 seconds.</msg>
<arg>2s</arg>
<doc>Pauses the test executed for the given time.</doc>
<status status="PASS" start="2024-11-22T10:56:04.624774" elapsed="2.001607"/>
</kw>
<kw name="Input Text Into Current Element" owner="AppiumLibrary">
<msg time="2024-11-22T10:56:06.628612" level="INFO">Typing text 'panpaphop.p@gmail.com' into current text field</msg>
<arg>${email}</arg>
<doc>Types the given `text` into currently selected text field.</doc>
<status status="PASS" start="2024-11-22T10:56:06.626629" elapsed="1.306859"/>
</kw>
<status status="PASS" start="2024-11-22T10:56:04.463527" elapsed="3.470101"/>
</kw>
<kw name="Fill in password field with &quot;Panpaphop_8183&quot;" owner="common_keywords" source_name="Fill in password field with &quot;${password}&quot;">
<kw name="Wait Until Element Is Visible" owner="AppiumLibrary">
<msg time="2024-11-22T10:56:08.025587" level="INFO">xpath criteria: //android.widget.FrameLayout[@resource-id="android:id/content"]/android.widget.FrameLayout/android.view.View/android.view.View/android.view.View/android.view.View[2]/android.widget.EditText[2]</msg>
<arg>${passwordInput}</arg>
<doc>Waits until element specified with `locator` is visible.</doc>
<status status="PASS" start="2024-11-22T10:56:07.934242" elapsed="0.091473"/>
</kw>
<kw name="Input Text" owner="AppiumLibrary">
<msg time="2024-11-22T10:56:08.029188" level="INFO">Typing text 'Panpaphop_8183' into text field 'xpath=//android.widget.FrameLayout[@resource-id="android:id/content"]/android.widget.FrameLayout/android.view.View/android.view.View/android.view.View/android.view.View[2]/android.widget.EditText[2]'</msg>
<msg time="2024-11-22T10:56:08.870630" level="INFO">xpath criteria: //android.widget.FrameLayout[@resource-id="android:id/content"]/android.widget.FrameLayout/android.view.View/android.view.View/android.view.View/android.view.View[2]/android.widget.EditText[2]</msg>
<arg>${passwordInput}</arg>
<arg>${password}</arg>
<doc>Types the given `text` into text field identified by `locator`.</doc>
<status status="PASS" start="2024-11-22T10:56:08.025994" elapsed="0.844779"/>
</kw>
<kw name="Click Element" owner="AppiumLibrary">
<msg time="2024-11-22T10:56:08.873772" level="INFO">Clicking element 'xpath=//android.widget.FrameLayout[@resource-id="android:id/content"]/android.widget.FrameLayout/android.view.View/android.view.View/android.view.View/android.view.View[2]/android.widget.EditText[2]'.</msg>
<msg time="2024-11-22T10:56:09.100980" level="INFO">xpath criteria: //android.widget.FrameLayout[@resource-id="android:id/content"]/android.widget.FrameLayout/android.view.View/android.view.View/android.view.View/android.view.View[2]/android.widget.EditText[2]</msg>
<arg>${passwordInput}</arg>
<doc>Click element identified by `locator`.</doc>
<status status="PASS" start="2024-11-22T10:56:08.871422" elapsed="0.229718"/>
</kw>
<kw name="Input Text Into Current Element" owner="AppiumLibrary">
<msg time="2024-11-22T10:56:09.104313" level="INFO">Typing text 'Panpaphop_8183' into current text field</msg>
<arg>${password}</arg>
<doc>Types the given `text` into currently selected text field.</doc>
<status status="PASS" start="2024-11-22T10:56:09.101438" elapsed="1.366526"/>
</kw>
<status status="PASS" start="2024-11-22T10:56:07.933926" elapsed="2.534166"/>
</kw>
<kw name="Tap Sign in button" owner="common_keywords">
<kw name="Click Element" owner="AppiumLibrary">
<msg time="2024-11-22T10:56:10.470576" level="INFO">Clicking element 'xpath=(//android.view.View[@content-desc="Sign in"])[2]'.</msg>
<msg time="2024-11-22T10:56:15.563075" level="INFO">xpath criteria: (//android.view.View[@content-desc="Sign in"])[2]</msg>
<arg>${signInBtn}</arg>
<doc>Click element identified by `locator`.</doc>
<status status="PASS" start="2024-11-22T10:56:10.468584" elapsed="5.094880"/>
</kw>
<status status="PASS" start="2024-11-22T10:56:10.468337" elapsed="5.095526"/>
</kw>
<kw name="Should show Wellcome to Fourgle Communities page" owner="common_keywords">
<kw name="Wait Until Element Is Visible" owner="AppiumLibrary">
<arg>${wellcomeToFourglePage}</arg>
<doc>Waits until element specified with `locator` is visible.</doc>
<status status="PASS" start="2024-11-22T10:56:15.565397" elapsed="0.055037"/>
</kw>
<kw name="Element Should Be Visible" owner="AppiumLibrary">
<arg>${wellcomeToFourglePage}</arg>
<doc>Verifies that element identified with locator is visible.</doc>
<status status="PASS" start="2024-11-22T10:56:15.620667" elapsed="0.069905"/>
</kw>
<status status="PASS" start="2024-11-22T10:56:15.564631" elapsed="0.126073"/>
</kw>
<kw name="Tap get start button" owner="common_keywords">
<kw name="Wait Until Element Is Visible" owner="AppiumLibrary">
<arg>${getStartBtn}</arg>
<doc>Waits until element specified with `locator` is visible.</doc>
<status status="PASS" start="2024-11-22T10:56:15.691587" elapsed="0.060297"/>
</kw>
<kw name="Click Element" owner="AppiumLibrary">
<msg time="2024-11-22T10:56:15.756166" level="INFO">Clicking element 'accessibility_id=Get started'.</msg>
<arg>${getStartBtn}</arg>
<doc>Click element identified by `locator`.</doc>
<status status="PASS" start="2024-11-22T10:56:15.752223" elapsed="0.188790"/>
</kw>
<status status="PASS" start="2024-11-22T10:56:15.690979" elapsed="0.250236"/>
</kw>
<kw name="Should show ad banner" owner="common_keywords">
<kw name="Sleep" owner="BuiltIn">
<msg time="2024-11-22T10:56:25.942182" level="INFO">Slept 10 seconds.</msg>
<arg>10s</arg>
<doc>Pauses the test executed for the given time.</doc>
<status status="PASS" start="2024-11-22T10:56:15.941713" elapsed="10.000596"/>
</kw>
<kw name="Wait Until Element Is Visible" owner="AppiumLibrary">
<arg>${doNotShowAgainModal}</arg>
<doc>Waits until element specified with `locator` is visible.</doc>
<status status="PASS" start="2024-11-22T10:56:25.942499" elapsed="0.057179"/>
</kw>
<kw name="Element Should Be Visible" owner="AppiumLibrary">
<arg>${doNotShowAgainModal}</arg>
<doc>Verifies that element identified with locator is visible.</doc>
<status status="PASS" start="2024-11-22T10:56:25.999912" elapsed="0.038238"/>
</kw>
<status status="PASS" start="2024-11-22T10:56:15.941489" elapsed="10.096759"/>
</kw>
<kw name="Tap Close banner" owner="common_keywords">
<kw name="Wait Until Element Is Visible" owner="AppiumLibrary">
<msg time="2024-11-22T10:56:26.108534" level="INFO">xpath criteria: /hierarchy/android.widget.FrameLayout/android.widget.LinearLayout/android.widget.FrameLayout/android.widget.FrameLayout/android.view.View/android.view.View/android.view.View/android.widget.ImageView</msg>
<arg>${closeBanner}</arg>
<doc>Waits until element specified with `locator` is visible.</doc>
<status status="PASS" start="2024-11-22T10:56:26.038641" elapsed="0.069985"/>
</kw>
<kw name="Click Element" owner="AppiumLibrary">
<msg time="2024-11-22T10:56:26.110634" level="INFO">Clicking element 'xpath=/hierarchy/android.widget.FrameLayout/android.widget.LinearLayout/android.widget.FrameLayout/android.widget.FrameLayout/android.view.View/android.view.View/android.view.View/android.widget.ImageView'.</msg>
<msg time="2024-11-22T10:56:26.240794" level="INFO">xpath criteria: /hierarchy/android.widget.FrameLayout/android.widget.LinearLayout/android.widget.FrameLayout/android.widget.FrameLayout/android.view.View/android.view.View/android.view.View/android.widget.ImageView</msg>
<arg>${closeBanner}</arg>
<doc>Click element identified by `locator`.</doc>
<status status="PASS" start="2024-11-22T10:56:26.108796" elapsed="0.132132"/>
</kw>
<status status="PASS" start="2024-11-22T10:56:26.038444" elapsed="0.202738"/>
</kw>
<kw name="Should show main page" owner="common_keywords">
<kw name="Wait Until Element Is Visible" owner="AppiumLibrary">
<msg time="2024-11-22T10:56:27.083297" level="INFO">xpath criteria: /hierarchy/android.widget.FrameLayout/android.widget.LinearLayout/android.widget.FrameLayout/android.widget.FrameLayout/android.view.View/android.view.View/android.view.View/android.view.View/android.view.View/android.view.View[2]/android.view.View
xpath criteria: /hierarchy/android.widget.FrameLayout/android.widget.LinearLayout/android.widget.FrameLayout/android.widget.FrameLayout/android.view.View/android.view.View/android.view.View/android.view.View/android.view.View/android.view.View[2]/android.view.View</msg>
<arg>${contentSection}</arg>
<doc>Waits until element specified with `locator` is visible.</doc>
<status status="PASS" start="2024-11-22T10:56:26.242117" elapsed="0.841289"/>
</kw>
<kw name="Element Should Be Visible" owner="AppiumLibrary">
<msg time="2024-11-22T10:56:27.182947" level="INFO">xpath criteria: /hierarchy/android.widget.FrameLayout/android.widget.LinearLayout/android.widget.FrameLayout/android.widget.FrameLayout/android.view.View/android.view.View/android.view.View/android.view.View/android.view.View/android.view.View[2]/android.view.View</msg>
<arg>${contentSection}</arg>
<doc>Verifies that element identified with locator is visible.</doc>
<status status="PASS" start="2024-11-22T10:56:27.083608" elapsed="0.099429"/>
</kw>
<status status="PASS" start="2024-11-22T10:56:26.241683" elapsed="0.941448"/>
</kw>
<arg>Set Appium Timeout</arg>
<arg>30s</arg>
<arg>AND</arg>
<arg>Open application FCA</arg>
<arg>AND</arg>
<arg>Tap get start button</arg>
<arg>AND</arg>
<arg>Should show wellcome page</arg>
<arg>AND</arg>
<arg>Tap Sign in now</arg>
<arg>AND</arg>
<arg>Should show Sign in page</arg>
<arg>AND</arg>
<arg>Fill in email field with "panpaphop.p@gmail.com"</arg>
<arg>AND</arg>
<arg>Fill in password field with "Panpaphop_8183"</arg>
<arg>AND</arg>
<arg>Tap Sign in button</arg>
<arg>AND</arg>
<arg>Should show Wellcome to Fourgle Communities page</arg>
<arg>AND</arg>
<arg>Tap get start button</arg>
<arg>AND</arg>
<arg>Should show ad banner</arg>
<arg>AND</arg>
<arg>Tap Close banner</arg>
<arg>AND</arg>
<arg>Should show main page</arg>
<doc>Executes all the given keywords in a sequence.</doc>
<status status="PASS" start="2024-11-22T10:55:46.108089" elapsed="41.075102"/>
</kw>
<test id="s1-t1" name="Create Community" line="23">
<kw name="Tap on Community tab" owner="createCommunity_keywords">
<kw name="Wait Until Element Is Visible" owner="AppiumLibrary">
<arg>${communityTab}</arg>
<doc>Waits until element specified with `locator` is visible.</doc>
<status status="PASS" start="2024-11-22T10:56:27.184099" elapsed="0.070698"/>
</kw>
<kw name="Click Element" owner="AppiumLibrary">
<msg time="2024-11-22T10:56:27.257116" level="INFO">Clicking element 'accessibility_id=Community
Tab 3 of 4'.</msg>
<arg>${communityTab}</arg>
<doc>Click element identified by `locator`.</doc>
<status status="PASS" start="2024-11-22T10:56:27.255076" elapsed="0.136418"/>
</kw>
<status status="PASS" start="2024-11-22T10:56:27.183841" elapsed="0.207764"/>
</kw>
<kw name="Should Show Communities page" owner="createCommunity_keywords">
<kw name="Wait Until Element Is Visible" owner="AppiumLibrary">
<msg time="2024-11-22T10:56:27.941893" level="INFO">xpath criteria: //android.widget.FrameLayout[@resource-id="android:id/content"]/android.widget.FrameLayout/android.view.View/android.view.View/android.view.View/android.view.View[1]/android.view.View/android.view.View[1]/android.widget.ImageView</msg>
<arg>${addCommunityBtn}</arg>
<doc>Waits until element specified with `locator` is visible.</doc>
<status status="PASS" start="2024-11-22T10:56:27.392291" elapsed="0.549736"/>
</kw>
<kw name="Element Should Be Visible" owner="AppiumLibrary">
<msg time="2024-11-22T10:56:28.649647" level="INFO">xpath criteria: //android.widget.FrameLayout[@resource-id="android:id/content"]/android.widget.FrameLayout/android.view.View/android.view.View/android.view.View/android.view.View[1]/android.view.View/android.view.View[1]/android.widget.ImageView</msg>
<arg>${addCommunityBtn}</arg>
<doc>Verifies that element identified with locator is visible.</doc>
<status status="PASS" start="2024-11-22T10:56:27.942285" elapsed="0.707456"/>
</kw>
<status status="PASS" start="2024-11-22T10:56:27.391920" elapsed="1.257942"/>
</kw>
<kw name="Tap Add Community button" owner="createCommunity_keywords">
<kw name="Wait Until Element Is Visible" owner="AppiumLibrary">
<msg time="2024-11-22T10:56:28.750253" level="INFO">xpath criteria: //android.widget.FrameLayout[@resource-id="android:id/content"]/android.widget.FrameLayout/android.view.View/android.view.View/android.view.View/android.view.View[1]/android.view.View/android.view.View[1]/android.widget.ImageView</msg>
<arg>${addCommunityBtn}</arg>
<doc>Waits until element specified with `locator` is visible.</doc>
<status status="PASS" start="2024-11-22T10:56:28.650555" elapsed="0.099801"/>
</kw>
<kw name="Click Element" owner="AppiumLibrary">
<msg time="2024-11-22T10:56:28.752638" level="INFO">Clicking element 'xpath=//android.widget.FrameLayout[@resource-id="android:id/content"]/android.widget.FrameLayout/android.view.View/android.view.View/android.view.View/android.view.View[1]/android.view.View/android.view.View[1]/android.widget.ImageView'.</msg>
<msg time="2024-11-22T10:56:28.898461" level="INFO">xpath criteria: //android.widget.FrameLayout[@resource-id="android:id/content"]/android.widget.FrameLayout/android.view.View/android.view.View/android.view.View/android.view.View[1]/android.view.View/android.view.View[1]/android.widget.ImageView</msg>
<arg>${addCommunityBtn}</arg>
<doc>Click element identified by `locator`.</doc>
<status status="PASS" start="2024-11-22T10:56:28.750545" elapsed="0.148012"/>
</kw>
<status status="PASS" start="2024-11-22T10:56:28.650248" elapsed="0.248405"/>
</kw>
<kw name="Should show Create Community page" owner="createCommunity_keywords">
<kw name="Sleep" owner="BuiltIn">
<msg time="2024-11-22T10:56:30.900975" level="INFO">Slept 2 seconds.</msg>
<arg>2s</arg>
<doc>Pauses the test executed for the given time.</doc>
<status status="PASS" start="2024-11-22T10:56:28.899238" elapsed="2.001866"/>
</kw>
<kw name="Wait Until Element Is Visible" owner="AppiumLibrary">
<msg time="2024-11-22T10:56:31.947754" level="INFO">xpath criteria: //android.widget.ScrollView/android.widget.EditText[1]
xpath criteria: //android.widget.ScrollView/android.widget.EditText[1]</msg>
<arg>${communityNameInput}</arg>
<doc>Waits until element specified with `locator` is visible.</doc>
<status status="PASS" start="2024-11-22T10:56:30.901306" elapsed="1.046564"/>
</kw>
<kw name="Element Should Be Visible" owner="AppiumLibrary">
<msg time="2024-11-22T10:56:32.023784" level="INFO">xpath criteria: //android.widget.ScrollView/android.widget.EditText[1]</msg>
<arg>${communityNameInput}</arg>
<doc>Verifies that element identified with locator is visible.</doc>
<status status="PASS" start="2024-11-22T10:56:31.948049" elapsed="0.075824"/>
</kw>
<status status="PASS" start="2024-11-22T10:56:28.898912" elapsed="3.125059"/>
</kw>
<kw name="Fill in Community name field with &quot;Foodie&quot;" owner="createCommunity_keywords" source_name="Fill in Community name field with &quot;${commuName}&quot;">
<kw name="Wait Until Element Is Visible" owner="AppiumLibrary">
<msg time="2024-11-22T10:56:32.090034" level="INFO">xpath criteria: //android.widget.ScrollView/android.widget.EditText[1]</msg>
<arg>${communityNameInput}</arg>
<doc>Waits until element specified with `locator` is visible.</doc>
<status status="PASS" start="2024-11-22T10:56:32.024638" elapsed="0.065500"/>
</kw>
<kw name="Click Element" owner="AppiumLibrary">
<msg time="2024-11-22T10:56:32.092561" level="INFO">Clicking element 'xpath=//android.widget.ScrollView/android.widget.EditText[1]'.</msg>
<msg time="2024-11-22T10:56:32.211353" level="INFO">xpath criteria: //android.widget.ScrollView/android.widget.EditText[1]</msg>
<arg>${communityNameInput}</arg>
<doc>Click element identified by `locator`.</doc>
<status status="PASS" start="2024-11-22T10:56:32.090348" elapsed="0.121111"/>
</kw>
<kw name="Input Text Into Current Element" owner="AppiumLibrary">
<msg time="2024-11-22T10:56:32.214076" level="INFO">Typing text 'Foodie' into current text field</msg>
<arg>${commuName}</arg>
<doc>Types the given `text` into currently selected text field.</doc>
<status status="PASS" start="2024-11-22T10:56:32.211661" elapsed="0.191138"/>
</kw>
<status status="PASS" start="2024-11-22T10:56:32.024240" elapsed="0.378722"/>
</kw>
<kw name="Fill in community description with &quot;Test food&quot;" owner="createCommunity_keywords" source_name="Fill in community description with &quot;${commuDesc}&quot;">
<kw name="Wait Until Element Is Visible" owner="AppiumLibrary">
<msg time="2024-11-22T10:56:33.619167" level="INFO">xpath criteria: /hierarchy/android.widget.FrameLayout/android.widget.LinearLayout/android.widget.FrameLayout/android.widget.FrameLayout/android.view.View/android.view.View/android.view.View/android.view.View/android.view.View/android.widget.ScrollView/android.widget.EditText[2]</msg>
<arg>${communityDesInput}</arg>
<doc>Waits until element specified with `locator` is visible.</doc>
<status status="PASS" start="2024-11-22T10:56:32.403722" elapsed="1.215593"/>
</kw>
<kw name="Input Text" owner="AppiumLibrary">
<msg time="2024-11-22T10:56:33.624017" level="INFO">Typing text 'Test food' into text field 'xpath=/hierarchy/android.widget.FrameLayout/android.widget.LinearLayout/android.widget.FrameLayout/android.widget.FrameLayout/android.view.View/android.view.View/android.view.View/android.view.View/android.view.View/android.widget.ScrollView/android.widget.EditText[2]'</msg>
<msg time="2024-11-22T10:56:35.529892" level="INFO">xpath criteria: /hierarchy/android.widget.FrameLayout/android.widget.LinearLayout/android.widget.FrameLayout/android.widget.FrameLayout/android.view.View/android.view.View/android.view.View/android.view.View/android.view.View/android.widget.ScrollView/android.widget.EditText[2]</msg>
<arg>${communityDesInput}</arg>
<arg>${commuDesc}</arg>
<doc>Types the given `text` into text field identified by `locator`.</doc>
<status status="PASS" start="2024-11-22T10:56:33.619680" elapsed="1.910392"/>
</kw>
<kw name="Click Element" owner="AppiumLibrary">
<msg time="2024-11-22T10:56:35.533225" level="INFO">Clicking element 'xpath=/hierarchy/android.widget.FrameLayout/android.widget.LinearLayout/android.widget.FrameLayout/android.widget.FrameLayout/android.view.View/android.view.View/android.view.View/android.view.View/android.view.View/android.widget.ScrollView/android.widget.EditText[2]'.</msg>
<msg time="2024-11-22T10:56:35.811855" level="INFO">xpath criteria: /hierarchy/android.widget.FrameLayout/android.widget.LinearLayout/android.widget.FrameLayout/android.widget.FrameLayout/android.view.View/android.view.View/android.view.View/android.view.View/android.view.View/android.widget.ScrollView/android.widget.EditText[2]</msg>
<arg>${communityDesInput}</arg>
<doc>Click element identified by `locator`.</doc>
<status status="PASS" start="2024-11-22T10:56:35.530389" elapsed="0.282627"/>
</kw>
<kw name="Input Text Into Current Element" owner="AppiumLibrary">
<msg time="2024-11-22T10:56:35.815912" level="INFO">Typing text 'Test food' into current text field</msg>
<arg>${commuDesc}</arg>
<doc>Types the given `text` into currently selected text field.</doc>
<status status="PASS" start="2024-11-22T10:56:35.813324" elapsed="1.270971"/>
</kw>
<kw name="Sleep" owner="BuiltIn">
<msg time="2024-11-22T10:56:39.085684" level="INFO">Slept 2 seconds.</msg>
<arg>2s</arg>
<doc>Pauses the test executed for the given time.</doc>
<status status="PASS" start="2024-11-22T10:56:37.084672" elapsed="2.001216"/>
</kw>
<status status="PASS" start="2024-11-22T10:56:32.403370" elapsed="6.682715"/>
</kw>
<kw name="Tap + Add Category button" owner="createCommunity_keywords">
<kw name="Wait Until Element Is Visible" owner="AppiumLibrary">
<arg>${addCatBtn}</arg>
<doc>Waits until element specified with `locator` is visible.</doc>
<status status="PASS" start="2024-11-22T10:56:39.087292" elapsed="1.445489"/>
</kw>
<kw name="Click Element" owner="AppiumLibrary">
<msg time="2024-11-22T10:56:40.535825" level="INFO">Clicking element 'accessibility_id=Add'.</msg>
<arg>${addCatBtn}</arg>
<doc>Click element identified by `locator`.</doc>
<status status="PASS" start="2024-11-22T10:56:40.533065" elapsed="0.202727"/>
</kw>
<status status="PASS" start="2024-11-22T10:56:39.086677" elapsed="1.649675"/>
</kw>
<kw name="Should show Select Community Category page" owner="createCommunity_keywords">
<kw name="Sleep" owner="BuiltIn">
<msg time="2024-11-22T10:56:42.740610" level="INFO">Slept 2 seconds.</msg>
<arg>2s</arg>
<doc>Pauses the test executed for the given time.</doc>
<status status="PASS" start="2024-11-22T10:56:40.737933" elapsed="2.002907"/>
</kw>
<kw name="Wait Until Element Is Visible" owner="AppiumLibrary">
<arg>${foodBtn}</arg>
<doc>Waits until element specified with `locator` is visible.</doc>
<status status="PASS" start="2024-11-22T10:56:42.741320" elapsed="2.321125"/>
</kw>
<kw name="Element Should Be Visible" owner="AppiumLibrary">
<arg>${foodBtn}</arg>
<doc>Verifies that element identified with locator is visible.</doc>
<status status="PASS" start="2024-11-22T10:56:45.062637" elapsed="0.052592"/>
</kw>
<status status="PASS" start="2024-11-22T10:56:40.737201" elapsed="4.378145"/>
</kw>
<kw name="Select Food category" owner="createCommunity_keywords">
<kw name="Wait Until Element Is Visible" owner="AppiumLibrary">
<arg>${foodBtn}</arg>
<doc>Waits until element specified with `locator` is visible.</doc>
<status status="PASS" start="2024-11-22T10:56:45.115907" elapsed="0.196305"/>
</kw>
<kw name="Click Element" owner="AppiumLibrary">
<msg time="2024-11-22T10:56:45.314253" level="INFO">Clicking element 'accessibility_id=Food'.</msg>
<arg>${foodBtn}</arg>
<doc>Click element identified by `locator`.</doc>
<status status="PASS" start="2024-11-22T10:56:45.312412" elapsed="0.200568"/>
</kw>
<status status="PASS" start="2024-11-22T10:56:45.115607" elapsed="0.397602"/>
</kw>
<kw name="Food Category has to be selected" owner="createCommunity_keywords">
<kw name="Wait Until Element Is Visible" owner="AppiumLibrary">
<msg time="2024-11-22T10:56:46.864198" level="INFO">xpath criteria: /hierarchy/android.widget.FrameLayout/android.widget.LinearLayout/android.widget.FrameLayout/android.widget.FrameLayout/android.view.View/android.view.View/android.view.View/android.view.View/android.view.View/android.widget.ScrollView/android.widget.ImageView[2]
xpath criteria: /hierarchy/android.widget.FrameLayout/android.widget.LinearLayout/android.widget.FrameLayout/android.widget.FrameLayout/android.view.View/android.view.View/android.view.View/android.view.View/android.view.View/android.widget.ScrollView/android.widget.ImageView[2]</msg>
<arg>${removeCatBtn}</arg>
<doc>Waits until element specified with `locator` is visible.</doc>
<status status="PASS" start="2024-11-22T10:56:45.515102" elapsed="1.349190"/>
</kw>
<kw name="Element Should Be Visible" owner="AppiumLibrary">
<msg time="2024-11-22T10:56:47.032306" level="INFO">xpath criteria: /hierarchy/android.widget.FrameLayout/android.widget.LinearLayout/android.widget.FrameLayout/android.widget.FrameLayout/android.view.View/android.view.View/android.view.View/android.view.View/android.view.View/android.widget.ScrollView/android.widget.ImageView[2]</msg>
<arg>${removeCatBtn}</arg>
<doc>Verifies that element identified with locator is visible.</doc>
<status status="PASS" start="2024-11-22T10:56:46.864467" elapsed="0.167949"/>
</kw>
<status status="PASS" start="2024-11-22T10:56:45.514094" elapsed="1.518445"/>
</kw>
<kw name="Tap Done button after select category" owner="createCommunity_keywords">
<kw name="Wait Until Element Is Visible" owner="AppiumLibrary">
<arg>${doneBtn}</arg>
<doc>Waits until element specified with `locator` is visible.</doc>
<status status="PASS" start="2024-11-22T10:56:47.033153" elapsed="0.116164"/>
</kw>
<kw name="Click Element" owner="AppiumLibrary">
<msg time="2024-11-22T10:56:47.151510" level="INFO">Clicking element 'accessibility_id=Done'.</msg>
<arg>${doneBtn}</arg>
<doc>Click element identified by `locator`.</doc>
<status status="PASS" start="2024-11-22T10:56:47.149523" elapsed="0.178165"/>
</kw>
<status status="PASS" start="2024-11-22T10:56:47.032859" elapsed="0.294937"/>
</kw>
<kw name="Tap Create button" owner="createCommunity_keywords">
<kw name="Wait Until Element Is Visible" owner="AppiumLibrary">
<arg>${createCommuBtn}</arg>
<doc>Waits until element specified with `locator` is visible.</doc>
<status status="PASS" start="2024-11-22T10:56:47.328577" elapsed="0.957997"/>
</kw>
<kw name="Click Element" owner="AppiumLibrary">
<msg time="2024-11-22T10:56:48.289279" level="INFO">Clicking element 'accessibility_id=Create'.</msg>
<arg>${createCommuBtn}</arg>
<doc>Click element identified by `locator`.</doc>
<status status="PASS" start="2024-11-22T10:56:48.286873" elapsed="0.123190"/>
</kw>
<kw name="Sleep" owner="BuiltIn">
<msg time="2024-11-22T10:56:53.410650" level="INFO">Slept 5 seconds.</msg>
<arg>5s</arg>
<doc>Pauses the test executed for the given time.</doc>
<status status="PASS" start="2024-11-22T10:56:48.410259" elapsed="5.000536"/>
</kw>
<status status="PASS" start="2024-11-22T10:56:47.328050" elapsed="6.082864"/>
</kw>
<kw name="Should Show Create Community success Message" owner="createCommunity_keywords">
<kw name="Wait Until Element Is Visible" owner="AppiumLibrary">
<arg>${createCommuSuccessMsg}</arg>
<doc>Waits until element specified with `locator` is visible.</doc>
<status status="PASS" start="2024-11-22T10:56:53.411646" elapsed="0.121162"/>
</kw>
<kw name="Element Should Be Visible" owner="AppiumLibrary">
<arg>${createCommuSuccessMsg}</arg>
<doc>Verifies that element identified with locator is visible.</doc>
<status status="PASS" start="2024-11-22T10:56:53.533212" elapsed="0.080487"/>
</kw>
<status status="PASS" start="2024-11-22T10:56:53.411289" elapsed="0.202587"/>
</kw>
<status status="PASS" start="2024-11-22T10:56:27.183364" elapsed="26.430730"/>
</test>
<status status="PASS" start="2024-11-22T10:55:45.803305" elapsed="67.811462"/>
</suite>
<statistics>
<total>
<stat pass="1" fail="0" skip="0">All Tests</stat>
</total>
<tag>
</tag>
<suite>
<stat pass="1" fail="0" skip="0" id="s1" name="createCommunity">createCommunity</stat>
</suite>
</statistics>
<errors>
</errors>
</robot>
